(node:19136) DeprecationWarning: Calling client.query() when the client is already executing a query is deprecated and will be removed in pg@9.0. Use async/await or an external async flow control mechanism instead.
(Use `node --trace-deprecation ...` to show where the warning was created)
[31m[Nest] 19136  - [39m05/03/2026, 9:09:50 PM [31m  ERROR[39m [38;5;3m[ExceptionsHandler] [39mPrismaClientKnownRequestError: 
Invalid `prisma.invoice.findFirst()` invocation:


Invalid input value: invalid input syntax for type uuid: "summary"
    at zr.handleRequestError (C:\Users\DVDSTORE\Desktop\RoyalCare\packages\database\node_modules\[4m@prisma\client[24m\runtime\client.js:65:8286)
    at zr.handleAndLogRequestError (C:\Users\DVDSTORE\Desktop\RoyalCare\packages\database\node_modules\[4m@prisma\client[24m\runtime\client.js:65:7581)
    at zr.request (C:\Users\DVDSTORE\Desktop\RoyalCare\packages\database\node_modules\[4m@prisma\client[24m\runtime\client.js:65:7288)
[90m    at process.processTicksAndRejections (node:internal/process/task_queues:104:5)[39m
    at async a (C:\Users\DVDSTORE\Desktop\RoyalCare\packages\database\node_modules\[4m@prisma\client[24m\runtime\client.js:75:6862)
    at async TenantBillingService.findInvoice [90m(C:\Users\DVDSTORE\Desktop\RoyalCare\services\api\[39mdist\modules\billing\services\tenant-billing.service.js:472:25[90m)[39m
    at async TenantBillingService.getById [90m(C:\Users\DVDSTORE\Desktop\RoyalCare\services\api\[39mdist\modules\billing\services\tenant-billing.service.js:393:25[90m)[39m
    at async [90mC:\Users\DVDSTORE\Desktop\RoyalCare\services\api\[39mnode_modules\[4m@nestjs\core[24m\router\router-execution-context.js:46:28
    at async [90mC:\Users\DVDSTORE\Desktop\RoyalCare\services\api\[39mnode_modules\[4m@nestjs\core[24m\router\router-proxy.js:9:17 {
  code: [32m'P2007'[39m,
  meta: {
    modelName: [32m'Invoice'[39m,
    driverAdapterError: DriverAdapterError: invalid input syntax for type uuid: "summary"
        at PrismaPgAdapter.onError [90m(C:\Users\DVDSTORE\Desktop\RoyalCare\services\api\[39mnode_modules\[4m@prisma\adapter-pg[24m\dist\index.js:678:11[90m)[39m
        at PrismaPgAdapter.performIO [90m(C:\Users\DVDSTORE\Desktop\RoyalCare\services\api\[39mnode_modules\[4m@prisma\adapter-pg[24m\dist\index.js:673:12[90m)[39m
    [90m    at process.processTicksAndRejections (node:internal/process/task_queues:104:5)[39m
        at async PrismaPgAdapter.queryRaw [90m(C:\Users\DVDSTORE\Desktop\RoyalCare\services\api\[39mnode_modules\[4m@prisma\adapter-pg[24m\dist\index.js:604:30[90m)[39m
        at async e.interpretNode (C:\Users\DVDSTORE\Desktop\RoyalCare\packages\database\node_modules\[4m@prisma\client[24m\runtime\client.js:11:44621)
        at async e.interpretNode (C:\Users\DVDSTORE\Desktop\RoyalCare\packages\database\node_modules\[4m@prisma\client[24m\runtime\client.js:11:43744)
        at async e.interpretNode (C:\Users\DVDSTORE\Desktop\RoyalCare\packages\database\node_modules\[4m@prisma\client[24m\runtime\client.js:11:45065)
        at async e.interpretNode (C:\Users\DVDSTORE\Desktop\RoyalCare\packages\database\node_modules\[4m@prisma\client[24m\runtime\client.js:11:46285)
        at async e.run (C:\Users\DVDSTORE\Desktop\RoyalCare\packages\database\node_modules\[4m@prisma\client[24m\runtime\client.js:11:43335)
        at async e.execute (C:\Users\DVDSTORE\Desktop\RoyalCare\packages\database\node_modules\[4m@prisma\client[24m\runtime\client.js:57:815) {
      cause: {
        originalCode: [32m'22P02'[39m,
        originalMessage: [32m'invalid input syntax for type uuid: "summary"'[39m,
        kind: [32m'InvalidInputValue'[39m,
        message: [32m'invalid input syntax for type uuid: "summary"'[39m
      }
    }
  },
  clientVersion: [32m'7.8.0'[39m
}
[31m[Nest] 19136  - [39m05/03/2026, 9:09:50 PM [31m  ERROR[39m [38;5;3m[ExceptionsHandler] [39mPrismaClientKnownRequestError: 
Invalid `prisma.invoice.findFirst()` invocation:


Invalid input value: invalid input syntax for type uuid: "summary"
    at zr.handleRequestError (C:\Users\DVDSTORE\Desktop\RoyalCare\packages\database\node_modules\[4m@prisma\client[24m\runtime\client.js:65:8286)
    at zr.handleAndLogRequestError (C:\Users\DVDSTORE\Desktop\RoyalCare\packages\database\node_modules\[4m@prisma\client[24m\runtime\client.js:65:7581)
    at zr.request (C:\Users\DVDSTORE\Desktop\RoyalCare\packages\database\node_modules\[4m@prisma\client[24m\runtime\client.js:65:7288)
[90m    at process.processTicksAndRejections (node:internal/process/task_queues:104:5)[39m
    at async a (C:\Users\DVDSTORE\Desktop\RoyalCare\packages\database\node_modules\[4m@prisma\client[24m\runtime\client.js:75:6862)
    at async TenantBillingService.findInvoice [90m(C:\Users\DVDSTORE\Desktop\RoyalCare\services\api\[39mdist\modules\billing\services\tenant-billing.service.js:472:25[90m)[39m
    at async TenantBillingService.getById [90m(C:\Users\DVDSTORE\Desktop\RoyalCare\services\api\[39mdist\modules\billing\services\tenant-billing.service.js:393:25[90m)[39m
    at async [90mC:\Users\DVDSTORE\Desktop\RoyalCare\services\api\[39mnode_modules\[4m@nestjs\core[24m\router\router-execution-context.js:46:28
    at async [90mC:\Users\DVDSTORE\Desktop\RoyalCare\services\api\[39mnode_modules\[4m@nestjs\core[24m\router\router-proxy.js:9:17 {
  code: [32m'P2007'[39m,
  meta: {
    modelName: [32m'Invoice'[39m,
    driverAdapterError: DriverAdapterError: invalid input syntax for type uuid: "summary"
        at PrismaPgAdapter.onError [90m(C:\Users\DVDSTORE\Desktop\RoyalCare\services\api\[39mnode_modules\[4m@prisma\adapter-pg[24m\dist\index.js:678:11[90m)[39m
        at PrismaPgAdapter.performIO [90m(C:\Users\DVDSTORE\Desktop\RoyalCare\services\api\[39mnode_modules\[4m@prisma\adapter-pg[24m\dist\index.js:673:12[90m)[39m
    [90m    at process.processTicksAndRejections (node:internal/process/task_queues:104:5)[39m
        at async PrismaPgAdapter.queryRaw [90m(C:\Users\DVDSTORE\Desktop\RoyalCare\services\api\[39mnode_modules\[4m@prisma\adapter-pg[24m\dist\index.js:604:30[90m)[39m
        at async e.interpretNode (C:\Users\DVDSTORE\Desktop\RoyalCare\packages\database\node_modules\[4m@prisma\client[24m\runtime\client.js:11:44621)
        at async e.interpretNode (C:\Users\DVDSTORE\Desktop\RoyalCare\packages\database\node_modules\[4m@prisma\client[24m\runtime\client.js:11:43744)
        at async e.interpretNode (C:\Users\DVDSTORE\Desktop\RoyalCare\packages\database\node_modules\[4m@prisma\client[24m\runtime\client.js:11:45065)
        at async e.interpretNode (C:\Users\DVDSTORE\Desktop\RoyalCare\packages\database\node_modules\[4m@prisma\client[24m\runtime\client.js:11:46285)
        at async e.run (C:\Users\DVDSTORE\Desktop\RoyalCare\packages\database\node_modules\[4m@prisma\client[24m\runtime\client.js:11:43335)
        at async e.execute (C:\Users\DVDSTORE\Desktop\RoyalCare\packages\database\node_modules\[4m@prisma\client[24m\runtime\client.js:57:815) {
      cause: {
        originalCode: [32m'22P02'[39m,
        originalMessage: [32m'invalid input syntax for type uuid: "summary"'[39m,
        kind: [32m'InvalidInputValue'[39m,
        message: [32m'invalid input syntax for type uuid: "summary"'[39m
      }
    }
  },
  clientVersion: [32m'7.8.0'[39m
}
[31m[Nest] 19136  - [39m05/03/2026, 9:10:10 PM [31m  ERROR[39m [38;5;3m[ExceptionsHandler] [39mPrismaClientKnownRequestError: 
Invalid `prisma.invoice.findFirst()` invocation:


Invalid input value: invalid input syntax for type uuid: "summary"
    at zr.handleRequestError (C:\Users\DVDSTORE\Desktop\RoyalCare\packages\database\node_modules\[4m@prisma\client[24m\runtime\client.js:65:8286)
    at zr.handleAndLogRequestError (C:\Users\DVDSTORE\Desktop\RoyalCare\packages\database\node_modules\[4m@prisma\client[24m\runtime\client.js:65:7581)
    at zr.request (C:\Users\DVDSTORE\Desktop\RoyalCare\packages\database\node_modules\[4m@prisma\client[24m\runtime\client.js:65:7288)
[90m    at process.processTicksAndRejections (node:internal/process/task_queues:104:5)[39m
    at async a (C:\Users\DVDSTORE\Desktop\RoyalCare\packages\database\node_modules\[4m@prisma\client[24m\runtime\client.js:75:6862)
    at async TenantBillingService.findInvoice [90m(C:\Users\DVDSTORE\Desktop\RoyalCare\services\api\[39mdist\modules\billing\services\tenant-billing.service.js:472:25[90m)[39m
    at async TenantBillingService.getById [90m(C:\Users\DVDSTORE\Desktop\RoyalCare\services\api\[39mdist\modules\billing\services\tenant-billing.service.js:393:25[90m)[39m
    at async [90mC:\Users\DVDSTORE\Desktop\RoyalCare\services\api\[39mnode_modules\[4m@nestjs\core[24m\router\router-execution-context.js:46:28
    at async [90mC:\Users\DVDSTORE\Desktop\RoyalCare\services\api\[39mnode_modules\[4m@nestjs\core[24m\router\router-proxy.js:9:17 {
  code: [32m'P2007'[39m,
  meta: {
    modelName: [32m'Invoice'[39m,
    driverAdapterError: DriverAdapterError: invalid input syntax for type uuid: "summary"
        at PrismaPgAdapter.onError [90m(C:\Users\DVDSTORE\Desktop\RoyalCare\services\api\[39mnode_modules\[4m@prisma\adapter-pg[24m\dist\index.js:678:11[90m)[39m
        at PrismaPgAdapter.performIO [90m(C:\Users\DVDSTORE\Desktop\RoyalCare\services\api\[39mnode_modules\[4m@prisma\adapter-pg[24m\dist\index.js:673:12[90m)[39m
    [90m    at process.processTicksAndRejections (node:internal/process/task_queues:104:5)[39m
        at async PrismaPgAdapter.queryRaw [90m(C:\Users\DVDSTORE\Desktop\RoyalCare\services\api\[39mnode_modules\[4m@prisma\adapter-pg[24m\dist\index.js:604:30[90m)[39m
        at async e.interpretNode (C:\Users\DVDSTORE\Desktop\RoyalCare\packages\database\node_modules\[4m@prisma\client[24m\runtime\client.js:11:44621)
        at async e.interpretNode (C:\Users\DVDSTORE\Desktop\RoyalCare\packages\database\node_modules\[4m@prisma\client[24m\runtime\client.js:11:43744)
        at async e.interpretNode (C:\Users\DVDSTORE\Desktop\RoyalCare\packages\database\node_modules\[4m@prisma\client[24m\runtime\client.js:11:45065)
        at async e.interpretNode (C:\Users\DVDSTORE\Desktop\RoyalCare\packages\database\node_modules\[4m@prisma\client[24m\runtime\client.js:11:46285)
        at async e.run (C:\Users\DVDSTORE\Desktop\RoyalCare\packages\database\node_modules\[4m@prisma\client[24m\runtime\client.js:11:43335)
        at async e.execute (C:\Users\DVDSTORE\Desktop\RoyalCare\packages\database\node_modules\[4m@prisma\client[24m\runtime\client.js:57:815) {
      cause: {
        originalCode: [32m'22P02'[39m,
        originalMessage: [32m'invalid input syntax for type uuid: "summary"'[39m,
        kind: [32m'InvalidInputValue'[39m,
        message: [32m'invalid input syntax for type uuid: "summary"'[39m
      }
    }
  },
  clientVersion: [32m'7.8.0'[39m
}
[31m[Nest] 19136  - [39m05/03/2026, 9:11:06 PM [31m  ERROR[39m [38;5;3m[ExceptionsHandler] [39mPrismaClientKnownRequestError: 
Invalid `prisma.invoice.findFirst()` invocation:


Invalid input value: invalid input syntax for type uuid: "summary"
    at zr.handleRequestError (C:\Users\DVDSTORE\Desktop\RoyalCare\packages\database\node_modules\[4m@prisma\client[24m\runtime\client.js:65:8286)
    at zr.handleAndLogRequestError (C:\Users\DVDSTORE\Desktop\RoyalCare\packages\database\node_modules\[4m@prisma\client[24m\runtime\client.js:65:7581)
    at zr.request (C:\Users\DVDSTORE\Desktop\RoyalCare\packages\database\node_modules\[4m@prisma\client[24m\runtime\client.js:65:7288)
[90m    at process.processTicksAndRejections (node:internal/process/task_queues:104:5)[39m
    at async a (C:\Users\DVDSTORE\Desktop\RoyalCare\packages\database\node_modules\[4m@prisma\client[24m\runtime\client.js:75:6862)
    at async TenantBillingService.findInvoice [90m(C:\Users\DVDSTORE\Desktop\RoyalCare\services\api\[39mdist\modules\billing\services\tenant-billing.service.js:472:25[90m)[39m
    at async TenantBillingService.getById [90m(C:\Users\DVDSTORE\Desktop\RoyalCare\services\api\[39mdist\modules\billing\services\tenant-billing.service.js:393:25[90m)[39m
    at async [90mC:\Users\DVDSTORE\Desktop\RoyalCare\services\api\[39mnode_modules\[4m@nestjs\core[24m\router\router-execution-context.js:46:28
    at async [90mC:\Users\DVDSTORE\Desktop\RoyalCare\services\api\[39mnode_modules\[4m@nestjs\core[24m\router\router-proxy.js:9:17 {
  code: [32m'P2007'[39m,
  meta: {
    modelName: [32m'Invoice'[39m,
    driverAdapterError: DriverAdapterError: invalid input syntax for type uuid: "summary"
        at PrismaPgAdapter.onError [90m(C:\Users\DVDSTORE\Desktop\RoyalCare\services\api\[39mnode_modules\[4m@prisma\adapter-pg[24m\dist\index.js:678:11[90m)[39m
        at PrismaPgAdapter.performIO [90m(C:\Users\DVDSTORE\Desktop\RoyalCare\services\api\[39mnode_modules\[4m@prisma\adapter-pg[24m\dist\index.js:673:12[90m)[39m
    [90m    at process.processTicksAndRejections (node:internal/process/task_queues:104:5)[39m
        at async PrismaPgAdapter.queryRaw [90m(C:\Users\DVDSTORE\Desktop\RoyalCare\services\api\[39mnode_modules\[4m@prisma\adapter-pg[24m\dist\index.js:604:30[90m)[39m
        at async e.interpretNode (C:\Users\DVDSTORE\Desktop\RoyalCare\packages\database\node_modules\[4m@prisma\client[24m\runtime\client.js:11:44621)
        at async e.interpretNode (C:\Users\DVDSTORE\Desktop\RoyalCare\packages\database\node_modules\[4m@prisma\client[24m\runtime\client.js:11:43744)
        at async e.interpretNode (C:\Users\DVDSTORE\Desktop\RoyalCare\packages\database\node_modules\[4m@prisma\client[24m\runtime\client.js:11:45065)
        at async e.interpretNode (C:\Users\DVDSTORE\Desktop\RoyalCare\packages\database\node_modules\[4m@prisma\client[24m\runtime\client.js:11:46285)
        at async e.run (C:\Users\DVDSTORE\Desktop\RoyalCare\packages\database\node_modules\[4m@prisma\client[24m\runtime\client.js:11:43335)
        at async e.execute (C:\Users\DVDSTORE\Desktop\RoyalCare\packages\database\node_modules\[4m@prisma\client[24m\runtime\client.js:57:815) {
      cause: {
        originalCode: [32m'22P02'[39m,
        originalMessage: [32m'invalid input syntax for type uuid: "summary"'[39m,
        kind: [32m'InvalidInputValue'[39m,
        message: [32m'invalid input syntax for type uuid: "summary"'[39m
      }
    }
  },
  clientVersion: [32m'7.8.0'[39m
}
[31m[Nest] 19136  - [39m05/03/2026, 9:15:09 PM [31m  ERROR[39m [38;5;3m[ExceptionsHandler] [39mPrismaClientKnownRequestError: 
Invalid `prisma.invoice.findFirst()` invocation:


Invalid input value: invalid input syntax for type uuid: "summary"
    at zr.handleRequestError (C:\Users\DVDSTORE\Desktop\RoyalCare\packages\database\node_modules\[4m@prisma\client[24m\runtime\client.js:65:8286)
    at zr.handleAndLogRequestError (C:\Users\DVDSTORE\Desktop\RoyalCare\packages\database\node_modules\[4m@prisma\client[24m\runtime\client.js:65:7581)
    at zr.request (C:\Users\DVDSTORE\Desktop\RoyalCare\packages\database\node_modules\[4m@prisma\client[24m\runtime\client.js:65:7288)
[90m    at process.processTicksAndRejections (node:internal/process/task_queues:104:5)[39m
    at async a (C:\Users\DVDSTORE\Desktop\RoyalCare\packages\database\node_modules\[4m@prisma\client[24m\runtime\client.js:75:6862)
    at async TenantBillingService.findInvoice [90m(C:\Users\DVDSTORE\Desktop\RoyalCare\services\api\[39mdist\modules\billing\services\tenant-billing.service.js:472:25[90m)[39m
    at async TenantBillingService.getById [90m(C:\Users\DVDSTORE\Desktop\RoyalCare\services\api\[39mdist\modules\billing\services\tenant-billing.service.js:393:25[90m)[39m
    at async [90mC:\Users\DVDSTORE\Desktop\RoyalCare\services\api\[39mnode_modules\[4m@nestjs\core[24m\router\router-execution-context.js:46:28
    at async [90mC:\Users\DVDSTORE\Desktop\RoyalCare\services\api\[39mnode_modules\[4m@nestjs\core[24m\router\router-proxy.js:9:17 {
  code: [32m'P2007'[39m,
  meta: {
    modelName: [32m'Invoice'[39m,
    driverAdapterError: DriverAdapterError: invalid input syntax for type uuid: "summary"
        at PrismaPgAdapter.onError [90m(C:\Users\DVDSTORE\Desktop\RoyalCare\services\api\[39mnode_modules\[4m@prisma\adapter-pg[24m\dist\index.js:678:11[90m)[39m
        at PrismaPgAdapter.performIO [90m(C:\Users\DVDSTORE\Desktop\RoyalCare\services\api\[39mnode_modules\[4m@prisma\adapter-pg[24m\dist\index.js:673:12[90m)[39m
    [90m    at process.processTicksAndRejections (node:internal/process/task_queues:104:5)[39m
        at async PrismaPgAdapter.queryRaw [90m(C:\Users\DVDSTORE\Desktop\RoyalCare\services\api\[39mnode_modules\[4m@prisma\adapter-pg[24m\dist\index.js:604:30[90m)[39m
        at async e.interpretNode (C:\Users\DVDSTORE\Desktop\RoyalCare\packages\database\node_modules\[4m@prisma\client[24m\runtime\client.js:11:44621)
        at async e.interpretNode (C:\Users\DVDSTORE\Desktop\RoyalCare\packages\database\node_modules\[4m@prisma\client[24m\runtime\client.js:11:43744)
        at async e.interpretNode (C:\Users\DVDSTORE\Desktop\RoyalCare\packages\database\node_modules\[4m@prisma\client[24m\runtime\client.js:11:45065)
        at async e.interpretNode (C:\Users\DVDSTORE\Desktop\RoyalCare\packages\database\node_modules\[4m@prisma\client[24m\runtime\client.js:11:46285)
        at async e.run (C:\Users\DVDSTORE\Desktop\RoyalCare\packages\database\node_modules\[4m@prisma\client[24m\runtime\client.js:11:43335)
        at async e.execute (C:\Users\DVDSTORE\Desktop\RoyalCare\packages\database\node_modules\[4m@prisma\client[24m\runtime\client.js:57:815) {
      cause: {
        originalCode: [32m'22P02'[39m,
        originalMessage: [32m'invalid input syntax for type uuid: "summary"'[39m,
        kind: [32m'InvalidInputValue'[39m,
        message: [32m'invalid input syntax for type uuid: "summary"'[39m
      }
    }
  },
  clientVersion: [32m'7.8.0'[39m
}
[31m[Nest] 19136  - [39m05/03/2026, 9:21:28 PM [31m  ERROR[39m [38;5;3m[ExceptionsHandler] [39mPrismaClientKnownRequestError: 
Invalid `prisma.invoice.findFirst()` invocation:


Invalid input value: invalid input syntax for type uuid: "summary"
    at zr.handleRequestError (C:\Users\DVDSTORE\Desktop\RoyalCare\packages\database\node_modules\[4m@prisma\client[24m\runtime\client.js:65:8286)
    at zr.handleAndLogRequestError (C:\Users\DVDSTORE\Desktop\RoyalCare\packages\database\node_modules\[4m@prisma\client[24m\runtime\client.js:65:7581)
    at zr.request (C:\Users\DVDSTORE\Desktop\RoyalCare\packages\database\node_modules\[4m@prisma\client[24m\runtime\client.js:65:7288)
[90m    at process.processTicksAndRejections (node:internal/process/task_queues:104:5)[39m
    at async a (C:\Users\DVDSTORE\Desktop\RoyalCare\packages\database\node_modules\[4m@prisma\client[24m\runtime\client.js:75:6862)
    at async TenantBillingService.findInvoice [90m(C:\Users\DVDSTORE\Desktop\RoyalCare\services\api\[39mdist\modules\billing\services\tenant-billing.service.js:472:25[90m)[39m
    at async TenantBillingService.getById [90m(C:\Users\DVDSTORE\Desktop\RoyalCare\services\api\[39mdist\modules\billing\services\tenant-billing.service.js:393:25[90m)[39m
    at async [90mC:\Users\DVDSTORE\Desktop\RoyalCare\services\api\[39mnode_modules\[4m@nestjs\core[24m\router\router-execution-context.js:46:28
    at async [90mC:\Users\DVDSTORE\Desktop\RoyalCare\services\api\[39mnode_modules\[4m@nestjs\core[24m\router\router-proxy.js:9:17 {
  code: [32m'P2007'[39m,
  meta: {
    modelName: [32m'Invoice'[39m,
    driverAdapterError: DriverAdapterError: invalid input syntax for type uuid: "summary"
        at PrismaPgAdapter.onError [90m(C:\Users\DVDSTORE\Desktop\RoyalCare\services\api\[39mnode_modules\[4m@prisma\adapter-pg[24m\dist\index.js:678:11[90m)[39m
        at PrismaPgAdapter.performIO [90m(C:\Users\DVDSTORE\Desktop\RoyalCare\services\api\[39mnode_modules\[4m@prisma\adapter-pg[24m\dist\index.js:673:12[90m)[39m
    [90m    at process.processTicksAndRejections (node:internal/process/task_queues:104:5)[39m
        at async PrismaPgAdapter.queryRaw [90m(C:\Users\DVDSTORE\Desktop\RoyalCare\services\api\[39mnode_modules\[4m@prisma\adapter-pg[24m\dist\index.js:604:30[90m)[39m
        at async e.interpretNode (C:\Users\DVDSTORE\Desktop\RoyalCare\packages\database\node_modules\[4m@prisma\client[24m\runtime\client.js:11:44621)
        at async e.interpretNode (C:\Users\DVDSTORE\Desktop\RoyalCare\packages\database\node_modules\[4m@prisma\client[24m\runtime\client.js:11:43744)
        at async e.interpretNode (C:\Users\DVDSTORE\Desktop\RoyalCare\packages\database\node_modules\[4m@prisma\client[24m\runtime\client.js:11:45065)
        at async e.interpretNode (C:\Users\DVDSTORE\Desktop\RoyalCare\packages\database\node_modules\[4m@prisma\client[24m\runtime\client.js:11:46285)
        at async e.run (C:\Users\DVDSTORE\Desktop\RoyalCare\packages\database\node_modules\[4m@prisma\client[24m\runtime\client.js:11:43335)
        at async e.execute (C:\Users\DVDSTORE\Desktop\RoyalCare\packages\database\node_modules\[4m@prisma\client[24m\runtime\client.js:57:815) {
      cause: {
        originalCode: [32m'22P02'[39m,
        originalMessage: [32m'invalid input syntax for type uuid: "summary"'[39m,
        kind: [32m'InvalidInputValue'[39m,
        message: [32m'invalid input syntax for type uuid: "summary"'[39m
      }
    }
  },
  clientVersion: [32m'7.8.0'[39m
}
[31m[Nest] 19136  - [39m05/03/2026, 9:21:28 PM [31m  ERROR[39m [38;5;3m[ExceptionsHandler] [39mPrismaClientKnownRequestError: 
Invalid `prisma.invoice.findFirst()` invocation:


Invalid input value: invalid input syntax for type uuid: "summary"
    at zr.handleRequestError (C:\Users\DVDSTORE\Desktop\RoyalCare\packages\database\node_modules\[4m@prisma\client[24m\runtime\client.js:65:8286)
    at zr.handleAndLogRequestError (C:\Users\DVDSTORE\Desktop\RoyalCare\packages\database\node_modules\[4m@prisma\client[24m\runtime\client.js:65:7581)
    at zr.request (C:\Users\DVDSTORE\Desktop\RoyalCare\packages\database\node_modules\[4m@prisma\client[24m\runtime\client.js:65:7288)
[90m    at process.processTicksAndRejections (node:internal/process/task_queues:104:5)[39m
    at async a (C:\Users\DVDSTORE\Desktop\RoyalCare\packages\database\node_modules\[4m@prisma\client[24m\runtime\client.js:75:6862)
    at async TenantBillingService.findInvoice [90m(C:\Users\DVDSTORE\Desktop\RoyalCare\services\api\[39mdist\modules\billing\services\tenant-billing.service.js:472:25[90m)[39m
    at async TenantBillingService.getById [90m(C:\Users\DVDSTORE\Desktop\RoyalCare\services\api\[39mdist\modules\billing\services\tenant-billing.service.js:393:25[90m)[39m
    at async [90mC:\Users\DVDSTORE\Desktop\RoyalCare\services\api\[39mnode_modules\[4m@nestjs\core[24m\router\router-execution-context.js:46:28
    at async [90mC:\Users\DVDSTORE\Desktop\RoyalCare\services\api\[39mnode_modules\[4m@nestjs\core[24m\router\router-proxy.js:9:17 {
  code: [32m'P2007'[39m,
  meta: {
    modelName: [32m'Invoice'[39m,
    driverAdapterError: DriverAdapterError: invalid input syntax for type uuid: "summary"
        at PrismaPgAdapter.onError [90m(C:\Users\DVDSTORE\Desktop\RoyalCare\services\api\[39mnode_modules\[4m@prisma\adapter-pg[24m\dist\index.js:678:11[90m)[39m
        at PrismaPgAdapter.performIO [90m(C:\Users\DVDSTORE\Desktop\RoyalCare\services\api\[39mnode_modules\[4m@prisma\adapter-pg[24m\dist\index.js:673:12[90m)[39m
    [90m    at process.processTicksAndRejections (node:internal/process/task_queues:104:5)[39m
        at async PrismaPgAdapter.queryRaw [90m(C:\Users\DVDSTORE\Desktop\RoyalCare\services\api\[39mnode_modules\[4m@prisma\adapter-pg[24m\dist\index.js:604:30[90m)[39m
        at async e.interpretNode (C:\Users\DVDSTORE\Desktop\RoyalCare\packages\database\node_modules\[4m@prisma\client[24m\runtime\client.js:11:44621)
        at async e.interpretNode (C:\Users\DVDSTORE\Desktop\RoyalCare\packages\database\node_modules\[4m@prisma\client[24m\runtime\client.js:11:43744)
        at async e.interpretNode (C:\Users\DVDSTORE\Desktop\RoyalCare\packages\database\node_modules\[4m@prisma\client[24m\runtime\client.js:11:45065)
        at async e.interpretNode (C:\Users\DVDSTORE\Desktop\RoyalCare\packages\database\node_modules\[4m@prisma\client[24m\runtime\client.js:11:46285)
        at async e.run (C:\Users\DVDSTORE\Desktop\RoyalCare\packages\database\node_modules\[4m@prisma\client[24m\runtime\client.js:11:43335)
        at async e.execute (C:\Users\DVDSTORE\Desktop\RoyalCare\packages\database\node_modules\[4m@prisma\client[24m\runtime\client.js:57:815) {
      cause: {
        originalCode: [32m'22P02'[39m,
        originalMessage: [32m'invalid input syntax for type uuid: "summary"'[39m,
        kind: [32m'InvalidInputValue'[39m,
        message: [32m'invalid input syntax for type uuid: "summary"'[39m
      }
    }
  },
  clientVersion: [32m'7.8.0'[39m
}
[31m[Nest] 19136  - [39m05/03/2026, 9:21:31 PM [31m  ERROR[39m [38;5;3m[ExceptionsHandler] [39mPrismaClientKnownRequestError: 
Invalid `prisma.invoice.findFirst()` invocation:


Invalid input value: invalid input syntax for type uuid: "summary"
    at zr.handleRequestError (C:\Users\DVDSTORE\Desktop\RoyalCare\packages\database\node_modules\[4m@prisma\client[24m\runtime\client.js:65:8286)
    at zr.handleAndLogRequestError (C:\Users\DVDSTORE\Desktop\RoyalCare\packages\database\node_modules\[4m@prisma\client[24m\runtime\client.js:65:7581)
    at zr.request (C:\Users\DVDSTORE\Desktop\RoyalCare\packages\database\node_modules\[4m@prisma\client[24m\runtime\client.js:65:7288)
[90m    at process.processTicksAndRejections (node:internal/process/task_queues:104:5)[39m
    at async a (C:\Users\DVDSTORE\Desktop\RoyalCare\packages\database\node_modules\[4m@prisma\client[24m\runtime\client.js:75:6862)
    at async TenantBillingService.findInvoice [90m(C:\Users\DVDSTORE\Desktop\RoyalCare\services\api\[39mdist\modules\billing\services\tenant-billing.service.js:472:25[90m)[39m
    at async TenantBillingService.getById [90m(C:\Users\DVDSTORE\Desktop\RoyalCare\services\api\[39mdist\modules\billing\services\tenant-billing.service.js:393:25[90m)[39m
    at async [90mC:\Users\DVDSTORE\Desktop\RoyalCare\services\api\[39mnode_modules\[4m@nestjs\core[24m\router\router-execution-context.js:46:28
    at async [90mC:\Users\DVDSTORE\Desktop\RoyalCare\services\api\[39mnode_modules\[4m@nestjs\core[24m\router\router-proxy.js:9:17 {
  code: [32m'P2007'[39m,
  meta: {
    modelName: [32m'Invoice'[39m,
    driverAdapterError: DriverAdapterError: invalid input syntax for type uuid: "summary"
        at PrismaPgAdapter.onError [90m(C:\Users\DVDSTORE\Desktop\RoyalCare\services\api\[39mnode_modules\[4m@prisma\adapter-pg[24m\dist\index.js:678:11[90m)[39m
        at PrismaPgAdapter.performIO [90m(C:\Users\DVDSTORE\Desktop\RoyalCare\services\api\[39mnode_modules\[4m@prisma\adapter-pg[24m\dist\index.js:673:12[90m)[39m
    [90m    at process.processTicksAndRejections (node:internal/process/task_queues:104:5)[39m
        at async PrismaPgAdapter.queryRaw [90m(C:\Users\DVDSTORE\Desktop\RoyalCare\services\api\[39mnode_modules\[4m@prisma\adapter-pg[24m\dist\index.js:604:30[90m)[39m
        at async e.interpretNode (C:\Users\DVDSTORE\Desktop\RoyalCare\packages\database\node_modules\[4m@prisma\client[24m\runtime\client.js:11:44621)
        at async e.interpretNode (C:\Users\DVDSTORE\Desktop\RoyalCare\packages\database\node_modules\[4m@prisma\client[24m\runtime\client.js:11:43744)
        at async e.interpretNode (C:\Users\DVDSTORE\Desktop\RoyalCare\packages\database\node_modules\[4m@prisma\client[24m\runtime\client.js:11:45065)
        at async e.interpretNode (C:\Users\DVDSTORE\Desktop\RoyalCare\packages\database\node_modules\[4m@prisma\client[24m\runtime\client.js:11:46285)
        at async e.run (C:\Users\DVDSTORE\Desktop\RoyalCare\packages\database\node_modules\[4m@prisma\client[24m\runtime\client.js:11:43335)
        at async e.execute (C:\Users\DVDSTORE\Desktop\RoyalCare\packages\database\node_modules\[4m@prisma\client[24m\runtime\client.js:57:815) {
      cause: {
        originalCode: [32m'22P02'[39m,
        originalMessage: [32m'invalid input syntax for type uuid: "summary"'[39m,
        kind: [32m'InvalidInputValue'[39m,
        message: [32m'invalid input syntax for type uuid: "summary"'[39m
      }
    }
  },
  clientVersion: [32m'7.8.0'[39m
}
[31m[Nest] 19136  - [39m05/03/2026, 9:21:40 PM [31m  ERROR[39m [38;5;3m[ExceptionsHandler] [39mPrismaClientKnownRequestError: 
Invalid `prisma.invoice.findFirst()` invocation:


Invalid input value: invalid input syntax for type uuid: "summary"
    at zr.handleRequestError (C:\Users\DVDSTORE\Desktop\RoyalCare\packages\database\node_modules\[4m@prisma\client[24m\runtime\client.js:65:8286)
    at zr.handleAndLogRequestError (C:\Users\DVDSTORE\Desktop\RoyalCare\packages\database\node_modules\[4m@prisma\client[24m\runtime\client.js:65:7581)
    at zr.request (C:\Users\DVDSTORE\Desktop\RoyalCare\packages\database\node_modules\[4m@prisma\client[24m\runtime\client.js:65:7288)
[90m    at process.processTicksAndRejections (node:internal/process/task_queues:104:5)[39m
    at async a (C:\Users\DVDSTORE\Desktop\RoyalCare\packages\database\node_modules\[4m@prisma\client[24m\runtime\client.js:75:6862)
    at async TenantBillingService.findInvoice [90m(C:\Users\DVDSTORE\Desktop\RoyalCare\services\api\[39mdist\modules\billing\services\tenant-billing.service.js:472:25[90m)[39m
    at async TenantBillingService.getById [90m(C:\Users\DVDSTORE\Desktop\RoyalCare\services\api\[39mdist\modules\billing\services\tenant-billing.service.js:393:25[90m)[39m
    at async [90mC:\Users\DVDSTORE\Desktop\RoyalCare\services\api\[39mnode_modules\[4m@nestjs\core[24m\router\router-execution-context.js:46:28
    at async [90mC:\Users\DVDSTORE\Desktop\RoyalCare\services\api\[39mnode_modules\[4m@nestjs\core[24m\router\router-proxy.js:9:17 {
  code: [32m'P2007'[39m,
  meta: {
    modelName: [32m'Invoice'[39m,
    driverAdapterError: DriverAdapterError: invalid input syntax for type uuid: "summary"
        at PrismaPgAdapter.onError [90m(C:\Users\DVDSTORE\Desktop\RoyalCare\services\api\[39mnode_modules\[4m@prisma\adapter-pg[24m\dist\index.js:678:11[90m)[39m
        at PrismaPgAdapter.performIO [90m(C:\Users\DVDSTORE\Desktop\RoyalCare\services\api\[39mnode_modules\[4m@prisma\adapter-pg[24m\dist\index.js:673:12[90m)[39m
    [90m    at process.processTicksAndRejections (node:internal/process/task_queues:104:5)[39m
        at async PrismaPgAdapter.queryRaw [90m(C:\Users\DVDSTORE\Desktop\RoyalCare\services\api\[39mnode_modules\[4m@prisma\adapter-pg[24m\dist\index.js:604:30[90m)[39m
        at async e.interpretNode (C:\Users\DVDSTORE\Desktop\RoyalCare\packages\database\node_modules\[4m@prisma\client[24m\runtime\client.js:11:44621)
        at async e.interpretNode (C:\Users\DVDSTORE\Desktop\RoyalCare\packages\database\node_modules\[4m@prisma\client[24m\runtime\client.js:11:43744)
        at async e.interpretNode (C:\Users\DVDSTORE\Desktop\RoyalCare\packages\database\node_modules\[4m@prisma\client[24m\runtime\client.js:11:45065)
        at async e.interpretNode (C:\Users\DVDSTORE\Desktop\RoyalCare\packages\database\node_modules\[4m@prisma\client[24m\runtime\client.js:11:46285)
        at async e.run (C:\Users\DVDSTORE\Desktop\RoyalCare\packages\database\node_modules\[4m@prisma\client[24m\runtime\client.js:11:43335)
        at async e.execute (C:\Users\DVDSTORE\Desktop\RoyalCare\packages\database\node_modules\[4m@prisma\client[24m\runtime\client.js:57:815) {
      cause: {
        originalCode: [32m'22P02'[39m,
        originalMessage: [32m'invalid input syntax for type uuid: "summary"'[39m,
        kind: [32m'InvalidInputValue'[39m,
        message: [32m'invalid input syntax for type uuid: "summary"'[39m
      }
    }
  },
  clientVersion: [32m'7.8.0'[39m
}
[31m[Nest] 19136  - [39m05/03/2026, 9:24:50 PM [31m  ERROR[39m [38;5;3m[ExceptionsHandler] [39mPrismaClientKnownRequestError: 
Invalid `prisma.invoice.findFirst()` invocation:


Invalid input value: invalid input syntax for type uuid: "summary"
    at zr.handleRequestError (C:\Users\DVDSTORE\Desktop\RoyalCare\packages\database\node_modules\[4m@prisma\client[24m\runtime\client.js:65:8286)
    at zr.handleAndLogRequestError (C:\Users\DVDSTORE\Desktop\RoyalCare\packages\database\node_modules\[4m@prisma\client[24m\runtime\client.js:65:7581)
    at zr.request (C:\Users\DVDSTORE\Desktop\RoyalCare\packages\database\node_modules\[4m@prisma\client[24m\runtime\client.js:65:7288)
[90m    at process.processTicksAndRejections (node:internal/process/task_queues:104:5)[39m
    at async a (C:\Users\DVDSTORE\Desktop\RoyalCare\packages\database\node_modules\[4m@prisma\client[24m\runtime\client.js:75:6862)
    at async TenantBillingService.findInvoice [90m(C:\Users\DVDSTORE\Desktop\RoyalCare\services\api\[39mdist\modules\billing\services\tenant-billing.service.js:472:25[90m)[39m
    at async TenantBillingService.getById [90m(C:\Users\DVDSTORE\Desktop\RoyalCare\services\api\[39mdist\modules\billing\services\tenant-billing.service.js:393:25[90m)[39m
    at async [90mC:\Users\DVDSTORE\Desktop\RoyalCare\services\api\[39mnode_modules\[4m@nestjs\core[24m\router\router-execution-context.js:46:28
    at async [90mC:\Users\DVDSTORE\Desktop\RoyalCare\services\api\[39mnode_modules\[4m@nestjs\core[24m\router\router-proxy.js:9:17 {
  code: [32m'P2007'[39m,
  meta: {
    modelName: [32m'Invoice'[39m,
    driverAdapterError: DriverAdapterError: invalid input syntax for type uuid: "summary"
        at PrismaPgAdapter.onError [90m(C:\Users\DVDSTORE\Desktop\RoyalCare\services\api\[39mnode_modules\[4m@prisma\adapter-pg[24m\dist\index.js:678:11[90m)[39m
        at PrismaPgAdapter.performIO [90m(C:\Users\DVDSTORE\Desktop\RoyalCare\services\api\[39mnode_modules\[4m@prisma\adapter-pg[24m\dist\index.js:673:12[90m)[39m
    [90m    at process.processTicksAndRejections (node:internal/process/task_queues:104:5)[39m
        at async PrismaPgAdapter.queryRaw [90m(C:\Users\DVDSTORE\Desktop\RoyalCare\services\api\[39mnode_modules\[4m@prisma\adapter-pg[24m\dist\index.js:604:30[90m)[39m
        at async e.interpretNode (C:\Users\DVDSTORE\Desktop\RoyalCare\packages\database\node_modules\[4m@prisma\client[24m\runtime\client.js:11:44621)
        at async e.interpretNode (C:\Users\DVDSTORE\Desktop\RoyalCare\packages\database\node_modules\[4m@prisma\client[24m\runtime\client.js:11:43744)
        at async e.interpretNode (C:\Users\DVDSTORE\Desktop\RoyalCare\packages\database\node_modules\[4m@prisma\client[24m\runtime\client.js:11:45065)
        at async e.interpretNode (C:\Users\DVDSTORE\Desktop\RoyalCare\packages\database\node_modules\[4m@prisma\client[24m\runtime\client.js:11:46285)
        at async e.run (C:\Users\DVDSTORE\Desktop\RoyalCare\packages\database\node_modules\[4m@prisma\client[24m\runtime\client.js:11:43335)
        at async e.execute (C:\Users\DVDSTORE\Desktop\RoyalCare\packages\database\node_modules\[4m@prisma\client[24m\runtime\client.js:57:815) {
      cause: {
        originalCode: [32m'22P02'[39m,
        originalMessage: [32m'invalid input syntax for type uuid: "summary"'[39m,
        kind: [32m'InvalidInputValue'[39m,
        message: [32m'invalid input syntax for type uuid: "summary"'[39m
      }
    }
  },
  clientVersion: [32m'7.8.0'[39m
}
[31m[Nest] 19136  - [39m05/03/2026, 9:26:08 PM [31m  ERROR[39m [38;5;3m[ExceptionsHandler] [39mPrismaClientKnownRequestError: 
Invalid `prisma.invoice.findFirst()` invocation:


Invalid input value: invalid input syntax for type uuid: "summary"
    at zr.handleRequestError (C:\Users\DVDSTORE\Desktop\RoyalCare\packages\database\node_modules\[4m@prisma\client[24m\runtime\client.js:65:8286)
    at zr.handleAndLogRequestError (C:\Users\DVDSTORE\Desktop\RoyalCare\packages\database\node_modules\[4m@prisma\client[24m\runtime\client.js:65:7581)
    at zr.request (C:\Users\DVDSTORE\Desktop\RoyalCare\packages\database\node_modules\[4m@prisma\client[24m\runtime\client.js:65:7288)
[90m    at process.processTicksAndRejections (node:internal/process/task_queues:104:5)[39m
    at async a (C:\Users\DVDSTORE\Desktop\RoyalCare\packages\database\node_modules\[4m@prisma\client[24m\runtime\client.js:75:6862)
    at async TenantBillingService.findInvoice [90m(C:\Users\DVDSTORE\Desktop\RoyalCare\services\api\[39mdist\modules\billing\services\tenant-billing.service.js:472:25[90m)[39m
    at async TenantBillingService.getById [90m(C:\Users\DVDSTORE\Desktop\RoyalCare\services\api\[39mdist\modules\billing\services\tenant-billing.service.js:393:25[90m)[39m
    at async [90mC:\Users\DVDSTORE\Desktop\RoyalCare\services\api\[39mnode_modules\[4m@nestjs\core[24m\router\router-execution-context.js:46:28
    at async [90mC:\Users\DVDSTORE\Desktop\RoyalCare\services\api\[39mnode_modules\[4m@nestjs\core[24m\router\router-proxy.js:9:17 {
  code: [32m'P2007'[39m,
  meta: {
    modelName: [32m'Invoice'[39m,
    driverAdapterError: DriverAdapterError: invalid input syntax for type uuid: "summary"
        at PrismaPgAdapter.onError [90m(C:\Users\DVDSTORE\Desktop\RoyalCare\services\api\[39mnode_modules\[4m@prisma\adapter-pg[24m\dist\index.js:678:11[90m)[39m
        at PrismaPgAdapter.performIO [90m(C:\Users\DVDSTORE\Desktop\RoyalCare\services\api\[39mnode_modules\[4m@prisma\adapter-pg[24m\dist\index.js:673:12[90m)[39m
    [90m    at process.processTicksAndRejections (node:internal/process/task_queues:104:5)[39m
        at async PrismaPgAdapter.queryRaw [90m(C:\Users\DVDSTORE\Desktop\RoyalCare\services\api\[39mnode_modules\[4m@prisma\adapter-pg[24m\dist\index.js:604:30[90m)[39m
        at async e.interpretNode (C:\Users\DVDSTORE\Desktop\RoyalCare\packages\database\node_modules\[4m@prisma\client[24m\runtime\client.js:11:44621)
        at async e.interpretNode (C:\Users\DVDSTORE\Desktop\RoyalCare\packages\database\node_modules\[4m@prisma\client[24m\runtime\client.js:11:43744)
        at async e.interpretNode (C:\Users\DVDSTORE\Desktop\RoyalCare\packages\database\node_modules\[4m@prisma\client[24m\runtime\client.js:11:45065)
        at async e.interpretNode (C:\Users\DVDSTORE\Desktop\RoyalCare\packages\database\node_modules\[4m@prisma\client[24m\runtime\client.js:11:46285)
        at async e.run (C:\Users\DVDSTORE\Desktop\RoyalCare\packages\database\node_modules\[4m@prisma\client[24m\runtime\client.js:11:43335)
        at async e.execute (C:\Users\DVDSTORE\Desktop\RoyalCare\packages\database\node_modules\[4m@prisma\client[24m\runtime\client.js:57:815) {
      cause: {
        originalCode: [32m'22P02'[39m,
        originalMessage: [32m'invalid input syntax for type uuid: "summary"'[39m,
        kind: [32m'InvalidInputValue'[39m,
        message: [32m'invalid input syntax for type uuid: "summary"'[39m
      }
    }
  },
  clientVersion: [32m'7.8.0'[39m
}
[31m[Nest] 19136  - [39m05/03/2026, 9:26:19 PM [31m  ERROR[39m [38;5;3m[ExceptionsHandler] [39mPrismaClientKnownRequestError: 
Invalid `prisma.invoice.findFirst()` invocation:


Invalid input value: invalid input syntax for type uuid: "summary"
    at zr.handleRequestError (C:\Users\DVDSTORE\Desktop\RoyalCare\packages\database\node_modules\[4m@prisma\client[24m\runtime\client.js:65:8286)
    at zr.handleAndLogRequestError (C:\Users\DVDSTORE\Desktop\RoyalCare\packages\database\node_modules\[4m@prisma\client[24m\runtime\client.js:65:7581)
    at zr.request (C:\Users\DVDSTORE\Desktop\RoyalCare\packages\database\node_modules\[4m@prisma\client[24m\runtime\client.js:65:7288)
[90m    at process.processTicksAndRejections (node:internal/process/task_queues:104:5)[39m
    at async a (C:\Users\DVDSTORE\Desktop\RoyalCare\packages\database\node_modules\[4m@prisma\client[24m\runtime\client.js:75:6862)
    at async TenantBillingService.findInvoice [90m(C:\Users\DVDSTORE\Desktop\RoyalCare\services\api\[39mdist\modules\billing\services\tenant-billing.service.js:472:25[90m)[39m
    at async TenantBillingService.getById [90m(C:\Users\DVDSTORE\Desktop\RoyalCare\services\api\[39mdist\modules\billing\services\tenant-billing.service.js:393:25[90m)[39m
    at async [90mC:\Users\DVDSTORE\Desktop\RoyalCare\services\api\[39mnode_modules\[4m@nestjs\core[24m\router\router-execution-context.js:46:28
    at async [90mC:\Users\DVDSTORE\Desktop\RoyalCare\services\api\[39mnode_modules\[4m@nestjs\core[24m\router\router-proxy.js:9:17 {
  code: [32m'P2007'[39m,
  meta: {
    modelName: [32m'Invoice'[39m,
    driverAdapterError: DriverAdapterError: invalid input syntax for type uuid: "summary"
        at PrismaPgAdapter.onError [90m(C:\Users\DVDSTORE\Desktop\RoyalCare\services\api\[39mnode_modules\[4m@prisma\adapter-pg[24m\dist\index.js:678:11[90m)[39m
        at PrismaPgAdapter.performIO [90m(C:\Users\DVDSTORE\Desktop\RoyalCare\services\api\[39mnode_modules\[4m@prisma\adapter-pg[24m\dist\index.js:673:12[90m)[39m
    [90m    at process.processTicksAndRejections (node:internal/process/task_queues:104:5)[39m
        at async PrismaPgAdapter.queryRaw [90m(C:\Users\DVDSTORE\Desktop\RoyalCare\services\api\[39mnode_modules\[4m@prisma\adapter-pg[24m\dist\index.js:604:30[90m)[39m
        at async e.interpretNode (C:\Users\DVDSTORE\Desktop\RoyalCare\packages\database\node_modules\[4m@prisma\client[24m\runtime\client.js:11:44621)
        at async e.interpretNode (C:\Users\DVDSTORE\Desktop\RoyalCare\packages\database\node_modules\[4m@prisma\client[24m\runtime\client.js:11:43744)
        at async e.interpretNode (C:\Users\DVDSTORE\Desktop\RoyalCare\packages\database\node_modules\[4m@prisma\client[24m\runtime\client.js:11:45065)
        at async e.interpretNode (C:\Users\DVDSTORE\Desktop\RoyalCare\packages\database\node_modules\[4m@prisma\client[24m\runtime\client.js:11:46285)
        at async e.run (C:\Users\DVDSTORE\Desktop\RoyalCare\packages\database\node_modules\[4m@prisma\client[24m\runtime\client.js:11:43335)
        at async e.execute (C:\Users\DVDSTORE\Desktop\RoyalCare\packages\database\node_modules\[4m@prisma\client[24m\runtime\client.js:57:815) {
      cause: {
        originalCode: [32m'22P02'[39m,
        originalMessage: [32m'invalid input syntax for type uuid: "summary"'[39m,
        kind: [32m'InvalidInputValue'[39m,
        message: [32m'invalid input syntax for type uuid: "summary"'[39m
      }
    }
  },
  clientVersion: [32m'7.8.0'[39m
}
[31m[Nest] 19136  - [39m05/03/2026, 9:29:02 PM [31m  ERROR[39m [38;5;3m[ExceptionsHandler] [39mPrismaClientKnownRequestError: 
Invalid `prisma.invoice.findFirst()` invocation:


Invalid input value: invalid input syntax for type uuid: "summary"
    at zr.handleRequestError (C:\Users\DVDSTORE\Desktop\RoyalCare\packages\database\node_modules\[4m@prisma\client[24m\runtime\client.js:65:8286)
    at zr.handleAndLogRequestError (C:\Users\DVDSTORE\Desktop\RoyalCare\packages\database\node_modules\[4m@prisma\client[24m\runtime\client.js:65:7581)
    at zr.request (C:\Users\DVDSTORE\Desktop\RoyalCare\packages\database\node_modules\[4m@prisma\client[24m\runtime\client.js:65:7288)
[90m    at process.processTicksAndRejections (node:internal/process/task_queues:104:5)[39m
    at async a (C:\Users\DVDSTORE\Desktop\RoyalCare\packages\database\node_modules\[4m@prisma\client[24m\runtime\client.js:75:6862)
    at async TenantBillingService.findInvoice [90m(C:\Users\DVDSTORE\Desktop\RoyalCare\services\api\[39mdist\modules\billing\services\tenant-billing.service.js:472:25[90m)[39m
    at async TenantBillingService.getById [90m(C:\Users\DVDSTORE\Desktop\RoyalCare\services\api\[39mdist\modules\billing\services\tenant-billing.service.js:393:25[90m)[39m
    at async [90mC:\Users\DVDSTORE\Desktop\RoyalCare\services\api\[39mnode_modules\[4m@nestjs\core[24m\router\router-execution-context.js:46:28
    at async [90mC:\Users\DVDSTORE\Desktop\RoyalCare\services\api\[39mnode_modules\[4m@nestjs\core[24m\router\router-proxy.js:9:17 {
  code: [32m'P2007'[39m,
  meta: {
    modelName: [32m'Invoice'[39m,
    driverAdapterError: DriverAdapterError: invalid input syntax for type uuid: "summary"
        at PrismaPgAdapter.onError [90m(C:\Users\DVDSTORE\Desktop\RoyalCare\services\api\[39mnode_modules\[4m@prisma\adapter-pg[24m\dist\index.js:678:11[90m)[39m
        at PrismaPgAdapter.performIO [90m(C:\Users\DVDSTORE\Desktop\RoyalCare\services\api\[39mnode_modules\[4m@prisma\adapter-pg[24m\dist\index.js:673:12[90m)[39m
    [90m    at process.processTicksAndRejections (node:internal/process/task_queues:104:5)[39m
        at async PrismaPgAdapter.queryRaw [90m(C:\Users\DVDSTORE\Desktop\RoyalCare\services\api\[39mnode_modules\[4m@prisma\adapter-pg[24m\dist\index.js:604:30[90m)[39m
        at async e.interpretNode (C:\Users\DVDSTORE\Desktop\RoyalCare\packages\database\node_modules\[4m@prisma\client[24m\runtime\client.js:11:44621)
        at async e.interpretNode (C:\Users\DVDSTORE\Desktop\RoyalCare\packages\database\node_modules\[4m@prisma\client[24m\runtime\client.js:11:43744)
        at async e.interpretNode (C:\Users\DVDSTORE\Desktop\RoyalCare\packages\database\node_modules\[4m@prisma\client[24m\runtime\client.js:11:45065)
        at async e.interpretNode (C:\Users\DVDSTORE\Desktop\RoyalCare\packages\database\node_modules\[4m@prisma\client[24m\runtime\client.js:11:46285)
        at async e.run (C:\Users\DVDSTORE\Desktop\RoyalCare\packages\database\node_modules\[4m@prisma\client[24m\runtime\client.js:11:43335)
        at async e.execute (C:\Users\DVDSTORE\Desktop\RoyalCare\packages\database\node_modules\[4m@prisma\client[24m\runtime\client.js:57:815) {
      cause: {
        originalCode: [32m'22P02'[39m,
        originalMessage: [32m'invalid input syntax for type uuid: "summary"'[39m,
        kind: [32m'InvalidInputValue'[39m,
        message: [32m'invalid input syntax for type uuid: "summary"'[39m
      }
    }
  },
  clientVersion: [32m'7.8.0'[39m
}
