[31m[Nest] 13100  - [39m04/27/2026, 10:26:47 PM [31m  ERROR[39m [38;5;3m[NestApplication] [39m[31mError: listen EADDRINUSE: address already in use :::3001[39m[38;5;3m +3ms[39m
node:net:2008
    const ex = new UVExceptionWithHostPort(err, 'listen', address, port);
               ^

Error: listen EADDRINUSE: address already in use :::3001
    at Server.setupListenHandle [as _listen2] (node:net:2008:16)
    at listenInCluster (node:net:2065:12)
    at Server.listen (node:net:2170:7)
    at ExpressAdapter.listen (C:\Users\DVDSTORE\Desktop\RoyalCare\services\api\node_modules\@nestjs\platform-express\adapters\express-adapter.js:115:32)
    at C:\Users\DVDSTORE\Desktop\RoyalCare\services\api\node_modules\@nestjs\core\nest-application.js:188:30
    at new Promise (<anonymous>)
    at NestApplication.listen (C:\Users\DVDSTORE\Desktop\RoyalCare\services\api\node_modules\@nestjs\core\nest-application.js:178:16)
    at async bootstrap (C:\Users\DVDSTORE\Desktop\RoyalCare\services\api\src\main.ts:17:3) {
  code: 'EADDRINUSE',
  errno: -4091,
  syscall: 'listen',
  address: '::',
  port: 3001
}

Node.js v24.15.0
