
> api@0.0.1 start
> nest start

[32m[Nest] 13100  - [39m04/27/2026, 10:26:47 PM [32m    LOG[39m [38;5;3m[NestFactory] [39m[32mStarting Nest application...[39m
[32m[Nest] 13100  - [39m04/27/2026, 10:26:47 PM [32m    LOG[39m [38;5;3m[InstanceLoader] [39m[32mAppModule dependencies initialized[39m[38;5;3m +14ms[39m
[32m[Nest] 13100  - [39m04/27/2026, 10:26:47 PM [32m    LOG[39m [38;5;3m[InstanceLoader] [39m[32mDatabaseModule dependencies initialized[39m[38;5;3m +1ms[39m
[32m[Nest] 13100  - [39m04/27/2026, 10:26:47 PM [32m    LOG[39m [38;5;3m[InstanceLoader] [39m[32mAuthModule dependencies initialized[39m[38;5;3m +0ms[39m
[32m[Nest] 13100  - [39m04/27/2026, 10:26:47 PM [32m    LOG[39m [38;5;3m[InstanceLoader] [39m[32mTenancyModule dependencies initialized[39m[38;5;3m +0ms[39m
[32m[Nest] 13100  - [39m04/27/2026, 10:26:47 PM [32m    LOG[39m [38;5;3m[InstanceLoader] [39m[32mDomainsModule dependencies initialized[39m[38;5;3m +0ms[39m
[32m[Nest] 13100  - [39m04/27/2026, 10:26:47 PM [32m    LOG[39m [38;5;3m[InstanceLoader] [39m[32mAppointmentsModule dependencies initialized[39m[38;5;3m +1ms[39m
[32m[Nest] 13100  - [39m04/27/2026, 10:26:47 PM [32m    LOG[39m [38;5;3m[InstanceLoader] [39m[32mCustomersModule dependencies initialized[39m[38;5;3m +0ms[39m
[32m[Nest] 13100  - [39m04/27/2026, 10:26:47 PM [32m    LOG[39m [38;5;3m[InstanceLoader] [39m[32mServicesModule dependencies initialized[39m[38;5;3m +0ms[39m
[32m[Nest] 13100  - [39m04/27/2026, 10:26:47 PM [32m    LOG[39m [38;5;3m[InstanceLoader] [39m[32mSessionsModule dependencies initialized[39m[38;5;3m +0ms[39m
[32m[Nest] 13100  - [39m04/27/2026, 10:26:47 PM [32m    LOG[39m [38;5;3m[InstanceLoader] [39m[32mNotificationsModule dependencies initialized[39m[38;5;3m +0ms[39m
[32m[Nest] 13100  - [39m04/27/2026, 10:26:47 PM [32m    LOG[39m [38;5;3m[InstanceLoader] [39m[32mPermissionsModule dependencies initialized[39m[38;5;3m +1ms[39m
[32m[Nest] 13100  - [39m04/27/2026, 10:26:47 PM [32m    LOG[39m [38;5;3m[InstanceLoader] [39m[32mHealthModule dependencies initialized[39m[38;5;3m +0ms[39m
[32m[Nest] 13100  - [39m04/27/2026, 10:26:47 PM [32m    LOG[39m [38;5;3m[InstanceLoader] [39m[32mUsersModule dependencies initialized[39m[38;5;3m +0ms[39m
[32m[Nest] 13100  - [39m04/27/2026, 10:26:47 PM [32m    LOG[39m [38;5;3m[InstanceLoader] [39m[32mCentersModule dependencies initialized[39m[38;5;3m +1ms[39m
[32m[Nest] 13100  - [39m04/27/2026, 10:26:47 PM [32m    LOG[39m [38;5;3m[InstanceLoader] [39m[32mSubscriptionsModule dependencies initialized[39m[38;5;3m +0ms[39m
[32m[Nest] 13100  - [39m04/27/2026, 10:26:47 PM [32m    LOG[39m [38;5;3m[RoutesResolver] [39m[32mHealthController {/api/v1/health}:[39m[38;5;3m +4ms[39m
[32m[Nest] 13100  - [39m04/27/2026, 10:26:47 PM [32m    LOG[39m [38;5;3m[RouterExplorer] [39m[32mMapped {/api/v1/health, GET} route[39m[38;5;3m +2ms[39m
[32m[Nest] 13100  - [39m04/27/2026, 10:26:47 PM [32m    LOG[39m [38;5;3m[RoutesResolver] [39m[32mUsersController {/api/v1/super-admin/users}:[39m[38;5;3m +0ms[39m
[32m[Nest] 13100  - [39m04/27/2026, 10:26:47 PM [32m    LOG[39m [38;5;3m[RouterExplorer] [39m[32mMapped {/api/v1/super-admin/users, GET} route[39m[38;5;3m +1ms[39m
[32m[Nest] 13100  - [39m04/27/2026, 10:26:47 PM [32m    LOG[39m [38;5;3m[RouterExplorer] [39m[32mMapped {/api/v1/super-admin/users, POST} route[39m[38;5;3m +1ms[39m
[32m[Nest] 13100  - [39m04/27/2026, 10:26:47 PM [32m    LOG[39m [38;5;3m[RouterExplorer] [39m[32mMapped {/api/v1/super-admin/users/:userId, GET} route[39m[38;5;3m +0ms[39m
[32m[Nest] 13100  - [39m04/27/2026, 10:26:47 PM [32m    LOG[39m [38;5;3m[RouterExplorer] [39m[32mMapped {/api/v1/super-admin/users/:userId/center-roles, POST} route[39m[38;5;3m +1ms[39m
[32m[Nest] 13100  - [39m04/27/2026, 10:26:47 PM [32m    LOG[39m [38;5;3m[RoutesResolver] [39m[32mCentersController {/api/v1/super-admin/centers}:[39m[38;5;3m +0ms[39m
[32m[Nest] 13100  - [39m04/27/2026, 10:26:47 PM [32m    LOG[39m [38;5;3m[RouterExplorer] [39m[32mMapped {/api/v1/super-admin/centers, GET} route[39m[38;5;3m +0ms[39m
[32m[Nest] 13100  - [39m04/27/2026, 10:26:47 PM [32m    LOG[39m [38;5;3m[RouterExplorer] [39m[32mMapped {/api/v1/super-admin/centers, POST} route[39m[38;5;3m +1ms[39m
[32m[Nest] 13100  - [39m04/27/2026, 10:26:47 PM [32m    LOG[39m [38;5;3m[RouterExplorer] [39m[32mMapped {/api/v1/super-admin/centers/:centerId, GET} route[39m[38;5;3m +0ms[39m
[32m[Nest] 13100  - [39m04/27/2026, 10:26:47 PM [32m    LOG[39m [38;5;3m[RoutesResolver] [39m[32mCentersAliasController {/api/v1/centers}:[39m[38;5;3m +0ms[39m
[32m[Nest] 13100  - [39m04/27/2026, 10:26:47 PM [32m    LOG[39m [38;5;3m[RouterExplorer] [39m[32mMapped {/api/v1/centers, GET} route[39m[38;5;3m +1ms[39m
[32m[Nest] 13100  - [39m04/27/2026, 10:26:47 PM [32m    LOG[39m [38;5;3m[RouterExplorer] [39m[32mMapped {/api/v1/centers, POST} route[39m[38;5;3m +0ms[39m
[32m[Nest] 13100  - [39m04/27/2026, 10:26:47 PM [32m    LOG[39m [38;5;3m[RouterExplorer] [39m[32mMapped {/api/v1/centers/:centerId, GET} route[39m[38;5;3m +0ms[39m
[32m[Nest] 13100  - [39m04/27/2026, 10:26:47 PM [32m    LOG[39m [38;5;3m[RoutesResolver] [39m[32mSubscriptionsController {/api/v1/super-admin/subscriptions}:[39m[38;5;3m +1ms[39m
[32m[Nest] 13100  - [39m04/27/2026, 10:26:47 PM [32m    LOG[39m [38;5;3m[RouterExplorer] [39m[32mMapped {/api/v1/super-admin/subscriptions, GET} route[39m[38;5;3m +0ms[39m
[32m[Nest] 13100  - [39m04/27/2026, 10:26:47 PM [32m    LOG[39m [38;5;3m[RouterExplorer] [39m[32mMapped {/api/v1/super-admin/subscriptions, POST} route[39m[38;5;3m +0ms[39m
[32m[Nest] 13100  - [39m04/27/2026, 10:26:47 PM [32m    LOG[39m [38;5;3m[RouterExplorer] [39m[32mMapped {/api/v1/super-admin/subscriptions/:subscriptionId, GET} route[39m[38;5;3m +0ms[39m
[32m[Nest] 13100  - [39m04/27/2026, 10:26:47 PM [32m    LOG[39m [38;5;3m[RoutesResolver] [39m[32mCenterSubscriptionsController {/api/v1/super-admin/centers/:centerId/subscription}:[39m[38;5;3m +1ms[39m
[32m[Nest] 13100  - [39m04/27/2026, 10:26:47 PM [32m    LOG[39m [38;5;3m[RouterExplorer] [39m[32mMapped {/api/v1/super-admin/centers/:centerId/subscription, GET} route[39m[38;5;3m +0ms[39m
[32m[Nest] 13100  - [39m04/27/2026, 10:26:47 PM [32m    LOG[39m [38;5;3m[NestApplication] [39m[32mNest application successfully started[39m[38;5;3m +73ms[39m
